Generation of weighted quartets completed.
================= **** ========== Running wQFM on Spark ============== **** ====================
Final Taxa Table: TaxaTable{TAXA_COUNT=37,
 TAXA_LIST=[BOS, DIP, MAC, MON, GOR, PTE, ECH, EQU, ERI, GAL, SUS, ORN, CAL, SOR, SPE, MYO, PAN, TUR, LOX, CAN, PRO, FEL, MIC, PON, MUS, OCH, CAV, TAR, NEW, VIC, TUP, OTO, RAT, CHO, HOM, ORY, DAS],
 TAXA_PARTITION_LIST Size=1539}
+-----------------------------------------------------------------------+-----+
|tag                                                                    |count|
+-----------------------------------------------------------------------+-----+
|BOS-DAS-DIP-ECH-GOR-HOM-MIC-MON-MUS-NEW-OCH-ORY-PAN-PRO-TAR-TUP        |29   |
|BOS-CAN-CHO-DAS-ECH-FEL-MIC-MON-MUS-MYO-NEW-OTO-PTE-SPE-SUS-TAR-VIC    |10   |
|CAN-CAV-CHO-ECH-EQU-ERI-GOR-MIC-MUS-ORY-OTO-PRO-RAT-SOR-SPE-TAR        |6    |
|CAL-CAN-CAV-ECH-EQU-ERI-FEL-MIC-MUS-MYO-NEW-OTO-PAN-PON-SOR-SPE        |3    |
|BOS-CAV-DIP-GAL-GOR-MIC-MON-MUS-MYO-NEW-OCH-RAT-SOR-TAR-TUP-VIC        |38   |
|CAL-CAV-ECH-GOR-HOM-LOX-MAC-MIC-MYO-NEW-ORY-PAN-PON-RAT-SOR-TUP-TUR    |160  |
|BOS-CAL-CAN-CAV-DAS-DIP-FEL-GAL-GOR-LOX-OCH-PRO-PTE-RAT-SUS-TUP        |16   |
|CAL-CAN-CAV-DAS-EQU-ERI-HOM-MAC-MON-MUS-MYO-ORY-PON-PRO-TUP-TUR        |3    |
|CAN-CAV-DAS-ECH-ERI-LOX-MON-MUS-NEW-OCH-ORY-SOR-SPE-TAR-TUP-TUR        |2    |
|BOS-CAL-CAN-CAV-EQU-LOX-MUS-MYO-OCH-PON-PRO-PTE-RAT-SOR-SPE-VIC        |1184 |
|CAL-CAN-CAV-CHO-DIP-GAL-GOR-MAC-NEW-OTO-PON-PRO-SUS-TUP-TUR-VIC        |6    |
|DAS-DIP-ECH-EQU-ERI-GAL-LOX-MAC-MIC-ORN-OTO-PAN-PON-RAT-TAR-TUR        |12   |
|CAL-CHO-ECH-ERI-GOR-HOM-MIC-MON-MUS-MYO-OCH-PAN-PRO-RAT-SOR-TAR-TUP    |2    |
|CAV-DAS-DIP-GOR-HOM-MON-NEW-OCH-ORY-OTO-PAN-RAT-SPE-TAR-TUP-VIC        |6    |
|CAL-CAN-CAV-DIP-ECH-GOR-MAC-MIC-MON-NEW-OCH-ORN-ORY-SOR-TUP-TUR        |468  |
|CAN-CHO-DIP-ECH-EQU-FEL-GAL-GOR-HOM-MIC-NEW-OCH-ORY-PAN-PTE-TUP        |7    |
|CAL-CHO-ECH-ERI-GAL-HOM-MON-MUS-OCH-ORY-OTO-PAN-PRO-PTE-SOR-VIC        |5    |
|CAL-CHO-DIP-EQU-GAL-MUS-MYO-NEW-OCH-ORY-PAN-RAT-SOR-SPE-TAR-TUR        |106  |
|BOS-CAN-CHO-EQU-ERI-FEL-MIC-MUS-MYO-OTO-PON-PRO-SPE-SUS-TUP-VIC        |550  |
|CAL-CAV-CHO-DAS-DIP-EQU-MAC-MIC-MON-NEW-ORN-PTE-RAT-SUS-TAR-TUP        |121  |
|CAL-CAV-CHO-DAS-EQU-ERI-GAL-OCH-ORN-ORY-PON-PTE-RAT-SPE-TAR-TUP        |946  |
|BOS-DAS-DIP-ECH-EQU-GAL-GOR-MIC-OCH-ORY-OTO-PON-RAT-SUS-TUP-TUR        |348  |
|CAL-CAV-CHO-DIP-ECH-GAL-GOR-MAC-MIC-MON-NEW-ORY-OTO-PRO-SPE-TUP-TUR    |6    |
|CAN-DAS-DIP-ECH-ERI-GAL-GOR-MAC-MIC-MUS-OCH-ORN-PTE-TAR-TUP-TUR        |20   |
|CHO-DIP-EQU-GAL-GOR-MUS-MYO-OTO-PAN-PON-PRO-RAT-SOR-SUS-TAR-TUP        |36   |
|CAL-CAV-CHO-DAS-DIP-ECH-ERI-GAL-GOR-LOX-MIC-MUS-OCH-PON-SOR-TAR-VIC    |3    |
|CAL-CHO-ECH-EQU-FEL-GOR-HOM-LOX-NEW-ORY-OTO-PON-SOR-SPE-TAR-TUP-VIC    |987  |
|DAS-ECH-EQU-ERI-HOM-LOX-MIC-MON-MUS-NEW-OCH-ORN-ORY-PAN-PON-TUP-TUR-VIC|5887 |
|CAL-CAN-CAV-CHO-ECH-ERI-GAL-HOM-MIC-NEW-OCH-OTO-PAN-PON-PRO-PTE-SOR-VIC|1013 |
|BOS-CAV-DIP-EQU-ERI-FEL-GOR-MIC-MYO-NEW-ORY-OTO-PON-PRO-SOR-TAR-TUR    |10   |
|BOS-CAN-DIP-EQU-ERI-FEL-GAL-LOX-MIC-MON-MUS-MYO-OCH-PON-PRO-SOR-TUR    |67   |
|CAV-CHO-DIP-ECH-EQU-FEL-GAL-LOX-MUS-ORY-OTO-PON-PTE-SPE-TAR-TUP        |3    |
|CAN-DAS-ECH-EQU-FEL-GAL-LOX-MIC-MUS-NEW-ORY-PAN-PON-RAT-SPE-TAR-TUP    |11   |
|CAL-CAN-CAV-CHO-DIP-ECH-GOR-HOM-MIC-MYO-NEW-OCH-ORY-OTO-PRO-SOR-TAR-TUP|21   |
|BOS-CAL-CAN-CHO-ECH-GAL-HOM-MAC-MIC-OCH-ORN-PTE-SPE-SUS-TAR-TUP-TUR-VIC|7    |
|CAL-CAN-CAV-CHO-ECH-HOM-LOX-MAC-MON-MYO-ORY-OTO-PON-PTE-SOR-TAR        |650  |
|CAV-DAS-ECH-ERI-GAL-GOR-MYO-OCH-ORY-OTO-PAN-SOR-SPE-SUS-TAR-VIC        |21   |
|CAV-DAS-ECH-ERI-GOR-HOM-LOX-ORN-ORY-OTO-PRO-RAT-SPE-SUS-TUP-VIC        |1    |
|CAL-CHO-DIP-ECH-GAL-GOR-HOM-LOX-MIC-NEW-OCH-ORY-PON-RAT-SPE-TAR-TUP    |4    |
|CAV-CHO-DAS-ECH-EQU-FEL-GOR-LOX-MAC-MON-ORN-ORY-PON-RAT-TAR-TUP-VIC    |1    |
|CAL-CAN-DAS-DIP-ERI-FEL-MIC-MON-MUS-NEW-ORY-OTO-PAN-PON-PTE-SUS-TAR    |2418 |
|BOS-CAV-CHO-GAL-MIC-NEW-OCH-OTO-PON-PRO-PTE-RAT-SUS-TAR-TUP-TUR        |21   |
|BOS-CAL-CAV-ECH-EQU-ERI-GAL-GOR-MIC-NEW-OCH-PTE-SPE-SUS-TUR-VIC        |409  |
|BOS-CAV-CHO-ECH-GAL-GOR-HOM-LOX-NEW-OCH-OTO-PON-PRO-TUP-TUR-VIC        |536  |
|BOS-CAV-DIP-ECH-GAL-GOR-MON-NEW-OCH-ORY-OTO-PRO-RAT-SPE-SUS-TAR-TUP    |3    |
|CAL-CAN-CHO-DIP-ECH-ERI-GAL-LOX-MIC-MUS-NEW-OCH-PAN-PTE-SPE-TAR-TUP    |854  |
|BOS-CAL-CAV-DAS-ECH-GOR-HOM-MIC-MON-NEW-OCH-ORN-ORY-OTO-RAT-TAR-TUP-TUR|12   |
|CAL-CAN-CHO-DAS-DIP-ECH-FEL-GAL-HOM-MYO-NEW-OCH-PRO-RAT-SPE-SUS        |243  |
|CAV-DAS-ECH-FEL-GOR-LOX-MUS-MYO-NEW-ORN-OTO-PON-PTE-SOR-TAR-TUP        |31   |
|CAL-CAV-DIP-EQU-GAL-GOR-MAC-MON-NEW-ORY-PON-PRO-RAT-TAR-TUP-TUR        |5    |
|BOS-DAS-ECH-ERI-MAC-NEW-OCH-ORN-PAN-PON-PRO-RAT-SOR-SPE-TAR-TUP        |44   |
|CAL-ECH-FEL-HOM-LOX-MIC-MYO-OCH-ORY-OTO-PON-PRO-PTE-TUP-TUR-VIC        |824  |
|CAV-CHO-EQU-FEL-GAL-HOM-MUS-MYO-NEW-OCH-PAN-RAT-SPE-TAR-TUP-VIC        |2776 |
|CAV-CHO-ERI-GAL-MAC-MIC-MUS-NEW-OCH-PAN-PON-RAT-SOR-SPE-TUP-TUR        |6    |
|CAL-CHO-DAS-DIP-ECH-HOM-LOX-MON-MUS-OTO-PAN-PON-RAT-SOR-TAR-TUP        |1    |
|CAV-CHO-DAS-DIP-FEL-GOR-MIC-MON-MYO-NEW-ORN-ORY-PON-PRO-SPE-TUP-TUR    |2    |
|CAL-CAV-ECH-ERI-FEL-GOR-HOM-LOX-MAC-MON-ORN-ORY-PON-PTE-SOR-TAR        |19   |
|BOS-CAL-CAV-ECH-ERI-GAL-HOM-MAC-MIC-MON-ORY-OTO-PAN-PON-PRO-SOR-SUS    |2167 |
|CAV-CHO-ECH-EQU-ERI-GAL-GOR-HOM-MUS-OCH-ORY-PAN-PON-PRO-RAT-TAR-TUP    |2    |
|CAL-CAN-DIP-ECH-ERI-GAL-LOX-MAC-MON-NEW-ORN-OTO-PON-RAT-TAR-TUP        |3    |
|BOS-CAN-CHO-DAS-FEL-HOM-LOX-MAC-MUS-NEW-PAN-PON-PRO-PTE-TAR-VIC        |25   |
|BOS-CAL-CAN-CHO-ECH-ERI-HOM-MIC-MYO-ORN-ORY-PON-PRO-SOR-SUS-TAR        |110  |
|BOS-CAN-CAV-CHO-DIP-FEL-GAL-GOR-NEW-ORN-PAN-PTE-SOR-SPE-TUP-VIC        |22   |
|CAL-CAV-CHO-EQU-ERI-FEL-HOM-MON-OCH-ORN-PAN-PTE-RAT-SPE-TAR-TUR        |524  |
|CAL-CAN-CHO-DAS-DIP-ECH-GAL-GOR-MIC-MUS-NEW-OCH-ORN-ORY-OTO-PTE-SUS    |63   |
|CAV-DAS-DIP-ECH-EQU-FEL-LOX-MUS-MYO-NEW-ORY-PRO-PTE-SOR-SPE-TAR-TUP    |1635 |
|CHO-EQU-GOR-HOM-LOX-MIC-NEW-OCH-ORN-ORY-PRO-RAT-SPE-SUS-TAR-TUP-TUR    |824  |
|CHO-DAS-ECH-EQU-GAL-GOR-LOX-MAC-MON-OCH-ORY-PAN-PON-PTE-RAT-SOR-TAR-TUP|39   |
|BOS-CAV-CHO-DAS-DIP-ECH-ERI-GAL-LOX-MIC-MYO-ORN-PON-TAR-TUP-TUR        |3    |
|CAL-CAN-CAV-DIP-ECH-GAL-HOM-MIC-MYO-OCH-OTO-PRO-RAT-SPE-TAR-VIC        |603  |
|CAL-CHO-ERI-FEL-GOR-MAC-MON-MUS-NEW-OCH-ORN-PON-PRO-PTE-SOR-TUP-VIC    |4132 |
|CHO-DAS-ECH-ERI-GOR-HOM-LOX-MIC-ORY-PON-PRO-RAT-SPE-TAR-TUP-VIC        |133  |
|CHO-ECH-ERI-GAL-LOX-MON-MUS-MYO-ORY-OTO-PAN-PON-PRO-SPE-TUP-VIC        |5    |
|CAL-CAV-CHO-DAS-ECH-GAL-HOM-LOX-MIC-MON-MUS-NEW-ORY-OTO-PRO-TAR-TUP    |5    |
|ECH-EQU-ERI-FEL-HOM-LOX-MIC-MUS-MYO-NEW-PRO-PTE-RAT-SOR-SPE-TUP        |160  |
|CAL-CAV-ERI-GOR-HOM-MAC-MON-MUS-ORN-OTO-PAN-PRO-PTE-RAT-TAR-VIC        |165  |
|CAL-CAV-CHO-DAS-DIP-ERI-GAL-MIC-NEW-OCH-OTO-PRO-PTE-TAR-TUP-VIC        |8    |
|CAV-ECH-EQU-GAL-HOM-LOX-MIC-MYO-OCH-OTO-PAN-RAT-SOR-SPE-SUS-TAR        |143  |
|CAL-CAV-CHO-DIP-ECH-EQU-ERI-FEL-GAL-GOR-HOM-MON-MYO-NEW-OCH-ORN-RAT-SUS|9    |
|BOS-CAL-ECH-ERI-FEL-GAL-HOM-MAC-MIC-MON-OCH-ORN-ORY-OTO-TAR-TUP-TUR    |1295 |
|CAL-CAN-CAV-DAS-DIP-GOR-MUS-MYO-NEW-ORY-OTO-PRO-SOR-TAR-TUP-TUR        |4    |
|BOS-CHO-DAS-DIP-ECH-EQU-FEL-HOM-MAC-MON-MUS-ORN-PON-SPE-SUS-TUP-TUR    |2409 |
|BOS-CAL-CAN-CAV-CHO-DAS-DIP-HOM-MIC-MUS-ORY-PON-PRO-PTE-TAR-TUP        |5    |
|BOS-CAV-DIP-ECH-FEL-GAL-GOR-MAC-NEW-ORN-ORY-OTO-PAN-RAT-SOR-SPE-TAR    |31   |
|BOS-CAN-CAV-CHO-DAS-DIP-ECH-EQU-ERI-GOR-LOX-OCH-OTO-PRO-SPE-TUP-TUR    |3    |
|CAN-CHO-DIP-ECH-EQU-LOX-MAC-MIC-NEW-ORY-PAN-PTE-SPE-TAR-TUP-TUR-VIC    |1    |
|CAV-CHO-ECH-FEL-GAL-HOM-MAC-MIC-MUS-MYO-ORN-PAN-PON-SPE-SUS-TUP-VIC    |4545 |
|CHO-GAL-HOM-MAC-MIC-MYO-OCH-PAN-PON-PRO-RAT-SPE-TAR-TUP-TUR-VIC        |893  |
|CAV-CHO-DIP-ECH-EQU-FEL-GAL-GOR-MIC-NEW-OCH-ORY-OTO-RAT-SPE-TUR        |20   |
|CAN-CAV-DIP-ECH-EQU-GOR-MAC-MUS-MYO-ORN-ORY-PRO-SPE-SUS-TUP-TUR-VIC    |7    |
|CAL-DAS-DIP-ECH-GAL-GOR-HOM-MIC-MUS-MYO-OCH-ORY-PAN-SOR-SPE-TUR        |6    |
|CAN-CAV-DAS-DIP-GOR-MAC-MIC-MON-OCH-ORN-OTO-PRO-RAT-SPE-SUS-TUP        |335  |
|BOS-CHO-ERI-FEL-GAL-MUS-MYO-OCH-ORN-ORY-OTO-PAN-PON-PRO-RAT-TUP        |2102 |
|BOS-CAV-DIP-ECH-GAL-HOM-MAC-MUS-OCH-ORN-ORY-PON-PRO-PTE-SOR-SPE-TUP-VIC|18   |
|CAL-CAN-CAV-DAS-DIP-ERI-MAC-MIC-MYO-OCH-ORY-OTO-PTE-RAT-SUS-TAR        |3    |
|CAL-CHO-FEL-GAL-MAC-MON-MUS-MYO-NEW-ORN-PAN-RAT-SUS-TUP-TUR-VIC        |864  |
|BOS-CAL-DIP-ECH-EQU-ERI-HOM-MIC-MUS-OCH-ORY-PAN-PRO-PTE-SPE-TUP-TUR-VIC|13   |
|CAL-CAV-DAS-DIP-ERI-GAL-HOM-LOX-MUS-OTO-PON-PRO-PTE-RAT-SOR-TUP        |3    |
|CAL-CAV-DIP-GAL-HOM-MAC-MIC-MON-MUS-NEW-OCH-ORN-ORY-OTO-PRO-RAT-SUS    |1457 |
|BOS-CAL-CAV-DIP-ECH-GOR-MUS-MYO-OCH-OTO-PRO-RAT-SPE-SUS-TUP-VIC        |103  |
|BOS-CAL-ECH-EQU-ERI-GAL-LOX-MUS-MYO-NEW-ORN-OTO-PAN-SUS-TUR-VIC        |2    |
|CAN-DAS-DIP-ECH-GAL-GOR-HOM-LOX-MIC-NEW-OCH-ORN-ORY-PAN-RAT-SOR-SUS    |1    |
|CAL-CAV-DAS-ECH-EQU-ERI-HOM-MUS-NEW-ORY-OTO-PAN-PON-PTE-TAR-TUP        |6    |
|CAL-CAN-CAV-ERI-HOM-MAC-MIC-MUS-OCH-ORN-PAN-PON-PRO-SOR-TUP-TUR-VIC    |297  |
|BOS-CAN-CAV-DIP-ECH-EQU-FEL-HOM-LOX-MAC-MIC-OCH-PON-PTE-RAT-TAR        |1    |
|BOS-CAL-CAN-CAV-CHO-ECH-EQU-ERI-FEL-GOR-MAC-MYO-OCH-OTO-PRO-SPE-TAR-TUP|64   |
|BOS-CAN-CHO-DAS-ECH-ERI-GAL-GOR-LOX-MAC-MIC-MUS-PON-SOR-SPE-SUS-TUP    |496  |
|CAV-CHO-DIP-ECH-ERI-FEL-MAC-MIC-MON-NEW-ORY-OTO-PTE-RAT-SOR-TAR-VIC    |376  |
|CAL-CHO-ECH-EQU-ERI-GAL-MIC-MUS-MYO-NEW-OCH-ORN-PON-SOR-SPE-TUP-VIC    |660  |
|CAL-CAV-ECH-EQU-HOM-MAC-MIC-MUS-NEW-OCH-ORN-OTO-PON-PRO-RAT-SOR-TUP-VIC|14   |
|BOS-CAL-CAN-CHO-FEL-GAL-HOM-MIC-MON-MUS-OCH-OTO-PRO-PTE-SOR-TUP-VIC    |6    |
|BOS-CAV-CHO-DAS-DIP-ECH-LOX-MAC-MIC-MUS-MYO-ORN-RAT-SOR-SUS-TAR-TUR    |640  |
|CHO-DIP-EQU-GAL-MAC-MIC-MON-MUS-MYO-ORN-ORY-PAN-PTE-RAT-SOR-TAR        |83   |
|BOS-CAN-ECH-FEL-GAL-MAC-MIC-MON-NEW-OCH-ORN-ORY-PRO-SOR-SUS-TAR-TUR    |3859 |
|CAL-CAN-CAV-CHO-DIP-ECH-GAL-GOR-HOM-MYO-OTO-PRO-RAT-SOR-SUS-TAR-TUR    |11   |
|CAN-CAV-CHO-DIP-GAL-HOM-MAC-MIC-MUS-MYO-OCH-ORN-OTO-PAN-PRO-SOR-TUR    |2    |
|BOS-CHO-EQU-ERI-FEL-GAL-HOM-LOX-PAN-PON-PRO-RAT-SOR-SUS-TUP-TUR        |15   |
|CAN-CAV-EQU-ERI-FEL-GOR-LOX-MYO-ORY-OTO-PON-PTE-SOR-TAR-TUP-TUR-VIC    |298  |
|CAV-CHO-DAS-FEL-GAL-GOR-HOM-MIC-MYO-NEW-PON-PRO-RAT-TAR-TUP-TUR-VIC    |5    |
|CAN-CAV-DAS-DIP-ECH-EQU-FEL-GAL-GOR-MIC-MYO-NEW-OCH-ORN-ORY-SPE-TUP    |1538 |
|CAL-CAV-ECH-EQU-FEL-GAL-LOX-MAC-MIC-OCH-ORN-ORY-PON-PTE-SOR-SUS-TAR-TUP|243  |
|CAV-CHO-DAS-EQU-FEL-GOR-MIC-MUS-MYO-NEW-OCH-ORY-OTO-PON-PTE-SOR-TAR-VIC|2    |
|BOS-CAL-CAV-DIP-ECH-EQU-ERI-GOR-MON-MUS-NEW-OCH-OTO-RAT-SPE-TUP        |20   |
|BOS-CAL-CHO-ECH-EQU-GAL-HOM-MAC-MIC-MUS-MYO-PAN-PON-PRO-SPE-VIC        |1    |
|CAN-CHO-DAS-DIP-ECH-EQU-ERI-GOR-LOX-MUS-NEW-OCH-PAN-PON-RAT-SOR-SPE    |1886 |
|CAN-ECH-EQU-GAL-LOX-MAC-MIC-MON-MUS-MYO-OCH-ORN-PON-PRO-RAT-SPE-TUP    |3    |
|CAN-CAV-CHO-DAS-ECH-EQU-MAC-MUS-NEW-OTO-PON-RAT-SOR-SPE-TUP-TUR        |12   |
|CAL-CAV-DAS-ERI-FEL-HOM-MAC-MIC-MON-MUS-MYO-ORN-OTO-PRO-PTE-SOR-TUP    |5    |
|CAV-ECH-EQU-GOR-MIC-MON-MYO-NEW-OCH-ORY-OTO-PON-RAT-SPE-TAR-TUP        |719  |
|BOS-CAL-CAV-DIP-GAL-GOR-LOX-MON-NEW-ORY-OTO-PAN-PRO-TAR-TUP-TUR        |111  |
|BOS-CAL-CHO-DAS-DIP-ECH-EQU-ERI-FEL-GOR-MUS-MYO-ORY-PAN-PON-PRO-SPE-TUP|221  |
|CAL-CHO-DAS-DIP-ECH-GAL-LOX-MAC-MYO-OCH-PON-PTE-RAT-SUS-TAR-TUR        |113  |
|BOS-DAS-ECH-EQU-ERI-GAL-GOR-MAC-MIC-MYO-NEW-ORY-SPE-TAR-TUP-TUR        |2    |
|BOS-DAS-ECH-EQU-ERI-GAL-MIC-MYO-NEW-OCH-ORN-ORY-OTO-PAN-PTE-SPE        |2    |
|CAL-CAV-ECH-EQU-ERI-HOM-MAC-MIC-MON-MUS-OCH-ORY-OTO-PRO-SOR-TAR        |32   |
|CAL-CAN-DAS-DIP-EQU-FEL-GAL-GOR-LOX-MYO-NEW-OCH-ORN-ORY-PON-PRO-TUP    |14   |
|CAL-CAV-CHO-DAS-ECH-GOR-LOX-MIC-OCH-ORY-PON-PTE-RAT-SPE-TAR-VIC        |3    |
|CAL-CAV-DAS-DIP-EQU-ERI-GOR-MIC-MUS-MYO-OCH-ORN-ORY-PON-TUP-VIC        |2    |
|BOS-CAN-CAV-DAS-ECH-ERI-GAL-MAC-MIC-MUS-ORN-ORY-OTO-PON-RAT-SPE-SUS    |3730 |
|CAN-CAV-CHO-DIP-ECH-GAL-LOX-MIC-MUS-NEW-OCH-OTO-PTE-SUS-TAR-TUP        |3    |
|CAV-DAS-DIP-ECH-GOR-MAC-MIC-MON-MYO-NEW-OCH-ORY-PRO-SOR-TAR-TUP-TUR    |210  |
|BOS-CAV-CHO-DIP-ECH-GAL-HOM-MYO-PRO-PTE-RAT-SOR-SUS-TAR-TUR-VIC        |16   |
|CAV-CHO-DIP-EQU-HOM-LOX-MAC-MYO-ORN-ORY-OTO-PAN-PON-SOR-SPE-TAR-TUP    |687  |
|CHO-DIP-ECH-EQU-ERI-GAL-HOM-MIC-MUS-ORN-PAN-PON-SPE-SUS-TUR-VIC        |4    |
|CAL-CHO-DAS-EQU-GOR-HOM-MAC-MIC-MUS-MYO-NEW-PON-PRO-PTE-TUP-VIC        |1    |
|CAL-CAV-DIP-ERI-GAL-HOM-MIC-MYO-OCH-ORY-OTO-PAN-PON-PRO-PTE-TUP        |9    |
|BOS-CHO-DAS-ECH-GAL-LOX-MIC-NEW-OCH-ORN-RAT-SPE-SUS-TAR-TUP-TUR-VIC    |173  |
|CAL-CAN-CHO-DIP-ECH-EQU-GAL-GOR-MIC-MUS-MYO-NEW-OCH-PTE-RAT-SOR-SPE-TAR|27   |
|CHO-ECH-GOR-LOX-MIC-MON-MUS-OTO-PON-PTE-SOR-SPE-SUS-TAR-TUP-VIC        |28   |
|CHO-DIP-ECH-ERI-GOR-HOM-MAC-MUS-ORN-OTO-PON-PRO-SOR-SUS-TAR-TUR        |518  |
|CAL-CAV-CHO-ECH-GAL-LOX-MAC-MIC-MUS-MYO-ORY-PON-RAT-SUS-TAR-TUP        |39   |
|BOS-CAN-CAV-CHO-DIP-FEL-GOR-HOM-MAC-OCH-ORN-ORY-PRO-PTE-SUS-TUP        |1    |
|BOS-CAV-DIP-FEL-GAL-GOR-MON-NEW-ORN-PON-PTE-RAT-SPE-SUS-TUP-TUR        |355  |
|BOS-CAL-CAN-CHO-DAS-DIP-ERI-GAL-HOM-MUS-NEW-OCH-PRO-PTE-SOR-SUS        |36   |
|BOS-CAL-CAN-CHO-DIP-FEL-GOR-HOM-LOX-MON-MYO-NEW-ORY-PON-PTE-SPE-SUS-TUR|19   |
|CAL-CAV-CHO-DAS-DIP-ERI-GOR-HOM-LOX-MIC-MUS-MYO-ORY-OTO-PAN-PON-PRO-TUP|1447 |
|CAL-CHO-ECH-EQU-GAL-HOM-MAC-MON-MUS-MYO-NEW-OCH-PAN-SPE-TUP-TUR        |62   |
|BOS-CAL-CAV-CHO-DIP-ECH-ERI-HOM-MAC-MUS-OTO-PAN-PON-SPE-TUP-VIC        |100  |
|CAV-DIP-GOR-LOX-MAC-MON-NEW-ORY-PRO-PTE-SOR-SPE-TAR-TUP-TUR-VIC        |6    |
|CAL-CHO-DIP-GAL-GOR-MIC-MON-MYO-NEW-OCH-ORN-PAN-PRO-RAT-TAR-TUP        |5    |
|CAV-DAS-ERI-HOM-MIC-MON-MUS-OCH-ORN-ORY-OTO-PAN-PON-PRO-RAT-SPE-TUP    |4    |
|CAL-CAV-CHO-DIP-ECH-FEL-GOR-LOX-MIC-MON-NEW-ORY-PON-RAT-SPE-SUS-TAR-TUP|29   |
|BOS-CAN-DAS-ECH-EQU-GOR-MAC-MUS-MYO-ORN-PAN-RAT-SPE-SUS-TAR-TUP-TUR-VIC|5    |
|BOS-CAL-CAN-CAV-CHO-DAS-ECH-EQU-LOX-MIC-MON-MYO-OCH-ORY-OTO-PON-TAR-TUP|4761 |
|CAN-CAV-DAS-DIP-ECH-FEL-GAL-LOX-MIC-NEW-OCH-ORY-PTE-SOR-SUS-TAR-TUR    |30   |
|CAV-CHO-DIP-ECH-GOR-MAC-MYO-NEW-OCH-ORN-ORY-RAT-SPE-SUS-TUP-TUR        |2    |
|BOS-CAV-CHO-ECH-FEL-MAC-MUS-MYO-NEW-ORN-ORY-PAN-PON-PTE-SOR-SPE-TUR    |737  |
|CAL-CAV-CHO-DAS-GOR-HOM-MUS-NEW-ORY-PAN-PON-PRO-PTE-SOR-SPE-TAR-TUP    |48   |
|CAN-CAV-CHO-ECH-GOR-MAC-MIC-MUS-OCH-OTO-PON-PRO-SPE-SUS-TUP-TUR        |2    |
|CAL-CAN-CAV-CHO-DAS-ECH-FEL-GAL-HOM-NEW-OCH-ORY-OTO-RAT-SOR-SPE-TAR-TUP|475  |
|BOS-CAV-CHO-DAS-ECH-EQU-FEL-GAL-HOM-MYO-PTE-RAT-SPE-TAR-TUR-VIC        |2    |
|BOS-CAL-CAV-GAL-HOM-MAC-MON-MUS-ORY-PAN-PRO-SOR-SUS-TAR-TUP-TUR        |2    |
|BOS-CAN-CAV-DIP-ECH-FEL-GAL-GOR-LOX-MAC-MON-MUS-MYO-OCH-ORN-OTO-TUP-VIC|27   |
|BOS-CAL-CAV-CHO-DIP-ECH-ERI-LOX-MAC-ORN-OTO-PON-PTE-TAR-TUP-TUR        |86   |
|CAN-CAV-CHO-DAS-DIP-ECH-EQU-GOR-HOM-LOX-NEW-ORN-ORY-OTO-PTE-RAT-TAR    |15   |
|CAL-CAV-DAS-EQU-ERI-GAL-HOM-MIC-NEW-OCH-ORY-OTO-PAN-PON-PRO-SOR-TUP    |146  |
|CAL-CAN-CAV-DIP-ECH-FEL-GOR-MIC-MON-MUS-NEW-OTO-PON-PRO-SOR-SPE-TUR    |14   |
|BOS-CAL-CAN-DAS-ECH-FEL-GAL-MIC-NEW-OCH-PAN-PTE-SUS-TAR-TUR-VIC        |1    |
|CAN-CHO-ECH-ERI-MIC-MON-NEW-OCH-ORY-PON-PTE-SOR-SUS-TAR-TUP-TUR-VIC    |35   |
|CAV-CHO-DAS-ECH-GAL-GOR-MIC-MUS-NEW-OCH-ORY-OTO-PON-SOR-SPE-VIC        |7    |
|CAL-CAN-CAV-CHO-ECH-MIC-NEW-OCH-ORN-ORY-PAN-PRO-SPE-SUS-TUP-VIC        |3    |
|CAL-CAV-DAS-DIP-ECH-ERI-FEL-GAL-MIC-MON-MUS-MYO-PAN-SOR-SPE-TUP        |47   |
|BOS-CAL-CAV-CHO-ECH-ERI-FEL-HOM-MIC-MUS-OCH-ORY-PRO-PTE-SOR-TUP-TUR    |3    |
|CAL-CAN-CAV-DAS-DIP-ECH-GOR-HOM-MAC-MIC-MUS-NEW-OCH-OTO-PRO-RAT-SPE    |1013 |
|BOS-CAV-DAS-MON-MYO-NEW-ORY-OTO-PAN-PON-PRO-RAT-SPE-SUS-TAR-VIC        |6    |
|CAV-ECH-FEL-GAL-LOX-MIC-MON-MUS-ORY-OTO-PAN-PTE-SPE-TUP-TUR-VIC        |164  |
|BOS-CAN-CAV-CHO-DAS-ECH-EQU-FEL-GAL-GOR-MYO-ORN-OTO-PON-RAT-SOR-SUS-TAR|68   |
|CHO-DAS-ECH-EQU-GAL-LOX-MIC-MON-NEW-OCH-ORN-ORY-PAN-SOR-SPE-TAR-VIC    |407  |
|DAS-DIP-ECH-ERI-GAL-MAC-MUS-MYO-NEW-OCH-ORN-ORY-OTO-PON-SPE-TAR-TUP    |3    |
|BOS-CAL-CHO-DIP-EQU-FEL-GOR-HOM-OCH-PRO-RAT-SOR-SPE-TAR-TUP-TUR        |25   |
|CAL-CAV-DIP-ERI-GAL-GOR-LOX-MAC-MON-MYO-NEW-PAN-PRO-SPE-SUS-TAR        |1611 |
|CAV-DIP-ECH-EQU-GOR-LOX-MAC-MIC-ORN-PON-PRO-PTE-SUS-TAR-TUR-VIC        |112  |
|BOS-CAL-DAS-ERI-GAL-HOM-LOX-MAC-MON-MUS-ORY-PRO-RAT-SOR-TUP-TUR        |463  |
|CAV-CHO-ECH-EQU-GAL-HOM-MIC-MUS-MYO-NEW-OCH-ORY-OTO-PAN-SPE-TAR        |11   |
|CAL-CHO-DAS-DIP-ECH-ERI-GAL-GOR-MAC-MON-OCH-ORY-PRO-PTE-RAT-SOR-SPE-TUP|7205 |
|BOS-CHO-DAS-LOX-MIC-MUS-NEW-ORY-OTO-PAN-PON-RAT-SOR-SPE-SUS-TUR-VIC    |332  |
|CAL-CAV-CHO-ECH-LOX-MAC-MIC-MON-MYO-OCH-ORN-PON-PRO-PTE-SUS-TAR-TUR    |12   |
|CAV-CHO-DIP-MAC-MIC-MYO-NEW-ORN-ORY-OTO-PTE-SOR-SPE-TAR-TUP-VIC        |14   |
|CAL-DAS-ECH-EQU-FEL-GAL-LOX-OCH-ORN-ORY-OTO-PAN-PON-RAT-TAR-TUP        |58   |
|CAL-DAS-EQU-GAL-GOR-HOM-MIC-OCH-ORY-OTO-PAN-PRO-PTE-SPE-TUP-TUR        |5    |
|CAN-CAV-CHO-DIP-FEL-HOM-LOX-MIC-MON-NEW-OCH-PAN-PRO-RAT-SUS-TAR-TUR    |1    |
|CAL-CAV-CHO-ECH-EQU-ERI-GAL-GOR-HOM-LOX-MUS-MYO-ORY-OTO-PON-TAR-TUP    |222  |
|BOS-CAL-CAV-DIP-ECH-FEL-GAL-HOM-MAC-MIC-MYO-NEW-OCH-PON-PTE-SOR-TUR    |8    |
|CAN-CHO-ECH-MAC-MON-MYO-ORN-PON-PRO-PTE-RAT-SOR-SUS-TAR-TUP-TUR        |1377 |
|BOS-CAL-CHO-DAS-DIP-ECH-GOR-HOM-LOX-MAC-MUS-MYO-ORN-PAN-PRO-SOR-TAR-TUP|1    |
|CAL-CAV-CHO-DIP-ERI-FEL-GAL-HOM-MIC-MON-MUS-MYO-NEW-PON-RAT-SPE        |2    |
|CAN-CHO-DAS-ECH-GAL-GOR-MAC-MIC-MYO-ORY-OTO-PON-PRO-SOR-TAR-TUP        |4    |
|CAV-DAS-EQU-GOR-MAC-MIC-MON-MUS-MYO-ORN-OTO-SOR-SUS-TAR-TUP-TUR-VIC    |3    |
|BOS-CAL-CAV-CHO-DIP-ECH-FEL-GOR-LOX-MIC-NEW-ORN-ORY-PON-TAR-TUR        |6    |
|BOS-CHO-DIP-ECH-EQU-GAL-GOR-LOX-MIC-MYO-OCH-ORY-OTO-PRO-SOR-TAR-TUP-VIC|2    |
|CAV-DIP-ECH-EQU-ERI-HOM-MAC-MUS-OCH-ORY-OTO-PAN-PON-RAT-SOR-SPE        |6    |
|BOS-CAV-CHO-DAS-GAL-HOM-LOX-MIC-OCH-ORN-ORY-OTO-PON-RAT-SOR-SPE-TAR    |3    |
|BOS-CAV-DAS-ECH-EQU-FEL-GAL-GOR-HOM-MIC-MYO-NEW-OCH-PAN-PRO-SPE-SUS    |165  |
|CAV-DAS-ECH-EQU-GAL-LOX-MIC-MUS-OCH-OTO-PON-PRO-PTE-SOR-TAR-TUP        |66   |
|BOS-CAV-CHO-DAS-DIP-GOR-MIC-ORN-ORY-OTO-PRO-SOR-SUS-TUP-TUR-VIC        |2    |
|CAV-DIP-GAL-GOR-LOX-MAC-MON-NEW-OCH-ORN-ORY-PRO-SPE-SUS-TAR-VIC        |1    |
|BOS-CHO-ECH-GAL-HOM-MIC-MON-MYO-NEW-ORY-PON-RAT-SPE-TAR-TUP-TUR-VIC    |2    |
|BOS-CAL-CAN-CHO-ECH-FEL-GOR-LOX-MON-MYO-OCH-PON-RAT-SOR-TAR-TUR        |1853 |
|BOS-CAN-CAV-CHO-DIP-FEL-LOX-ORY-PAN-PON-PTE-RAT-TAR-TUP-TUR-VIC        |22   |
|CAN-CAV-CHO-DAS-ECH-EQU-ERI-MIC-MYO-NEW-ORY-OTO-PTE-SOR-TAR-TUP        |7    |
|CAL-CAV-CHO-DIP-FEL-GOR-LOX-MIC-MON-MYO-NEW-ORY-PRO-SPE-TUP-TUR        |26   |
|CAL-CAV-CHO-ECH-FEL-GAL-HOM-MIC-MUS-MYO-PTE-RAT-SOR-SPE-TAR-TUP-TUR    |3    |
|BOS-CAL-CHO-DAS-DIP-ERI-HOM-MIC-MUS-MYO-OCH-PON-PTE-RAT-TAR-VIC        |17   |
|CAL-CHO-ECH-EQU-GOR-HOM-LOX-MAC-ORN-ORY-PAN-RAT-TAR-TUP-TUR-VIC        |120  |
|CAL-CAV-DIP-GAL-GOR-LOX-MIC-MYO-NEW-OCH-OTO-PTE-SPE-SUS-TUP-TUR        |1292 |
|CAV-CHO-DAS-FEL-GAL-HOM-MIC-MYO-OCH-PTE-RAT-SOR-SPE-TAR-TUP-VIC        |64   |
|BOS-CAL-EQU-HOM-MIC-MON-MYO-PAN-PON-PRO-PTE-RAT-SOR-SPE-SUS-TUP-TUR    |5    |
|CAV-CHO-GAL-GOR-MAC-MIC-MUS-MYO-ORN-ORY-OTO-PON-PTE-SUS-TAR-VIC        |2    |
|CAL-CAV-DAS-DIP-EQU-ERI-MIC-MUS-MYO-OCH-ORY-OTO-PON-RAT-SPE-TAR        |278  |
|BOS-CAL-CAN-CAV-CHO-DIP-ECH-EQU-ERI-GOR-MIC-MYO-NEW-ORY-OTO-PRO-RAT-SUS|480  |
|CAL-CAN-CAV-DIP-FEL-GOR-MAC-NEW-OCH-OTO-PAN-PRO-SOR-TAR-TUP-TUR        |52   |
|BOS-CAL-CAV-CHO-DAS-ECH-LOX-MIC-MUS-NEW-ORY-PON-SPE-SUS-TAR-TUP-TUR    |3    |
|CAL-CAV-CHO-DIP-ERI-GOR-HOM-MIC-MUS-ORN-ORY-PAN-PRO-PTE-RAT-TUR-VIC    |3557 |
|BOS-CAL-CAV-CHO-DAS-ECH-GOR-MIC-MON-MUS-PAN-PON-PRO-RAT-SPE-TUP        |6    |
|BOS-CAN-CAV-DAS-ECH-EQU-GAL-MIC-MON-NEW-OCH-ORY-PTE-SOR-SPE-TAR-TUP    |3    |
|CAL-CAV-CHO-DIP-FEL-GAL-GOR-MAC-MIC-MON-MUS-MYO-OCH-ORN-OTO-PTE-SOR    |16   |
|CAL-CAN-CAV-DAS-ECH-FEL-GAL-LOX-MUS-NEW-OCH-ORN-ORY-OTO-PTE-SUS-TUP    |9    |
|CAL-CAV-CHO-DIP-ECH-EQU-FEL-GAL-GOR-MON-ORY-PON-PTE-SOR-SPE-TUP        |353  |
|BOS-CAN-CHO-ECH-EQU-FEL-GOR-LOX-MIC-OCH-ORY-PON-PTE-SPE-SUS-TAR-TUP    |222  |
|CAV-DAS-ECH-GAL-MON-MUS-NEW-OCH-ORY-OTO-PAN-PON-PRO-RAT-TAR-TUP        |22   |
|BOS-CAL-CHO-DAS-DIP-ECH-EQU-HOM-MAC-MUS-MYO-ORN-OTO-PAN-PTE-RAT-SPE-TAR|1682 |
|BOS-CAN-ECH-EQU-GAL-HOM-MAC-MIC-MON-MYO-OCH-OTO-PON-PTE-RAT-TAR        |930  |
|BOS-CAL-CAV-CHO-ERI-GOR-HOM-MON-MUS-PON-PRO-RAT-SOR-TAR-TUP-VIC        |2    |
|CAV-DIP-ECH-FEL-GAL-HOM-MAC-MUS-MYO-ORY-OTO-PRO-SPE-TAR-TUP-TUR-VIC    |2    |
|CAL-CAN-CAV-CHO-DIP-ECH-EQU-GAL-HOM-MAC-MON-NEW-ORN-ORY-PON-PTE-SOR-TAR|54   |
|CHO-DAS-ECH-ERI-FEL-GAL-GOR-LOX-MUS-MYO-ORY-OTO-PAN-PON-SPE-SUS-TUP-TUR|1401 |
|CAL-CAV-DAS-EQU-ERI-FEL-MUS-NEW-OCH-ORY-OTO-PAN-PON-PTE-RAT-SPE-VIC    |8    |
|BOS-CAN-CAV-CHO-GAL-HOM-MAC-MIC-MON-MUS-MYO-PON-RAT-SPE-TUP-TUR        |3    |
|CAV-CHO-DAS-ECH-HOM-LOX-MUS-ORY-OTO-PAN-PON-PRO-RAT-SOR-TAR-TUP        |3012 |
|CAL-CAN-CHO-DAS-ERI-GOR-HOM-LOX-MON-MUS-NEW-OCH-OTO-PRO-SPE-TUP        |5    |
|CAL-CAV-CHO-DAS-DIP-ERI-GAL-HOM-MUS-OCH-ORN-PAN-PON-RAT-TUP-VIC        |89   |
|CAL-CAV-DAS-DIP-FEL-HOM-MON-MYO-OCH-ORY-OTO-PRO-PTE-RAT-SOR-TUP-TUR    |1    |
|BOS-CAL-ECH-EQU-ERI-GAL-GOR-MAC-MON-MYO-ORN-PAN-PTE-SOR-SPE-SUS-TUR    |14   |
|BOS-CAV-CHO-DAS-DIP-ECH-EQU-GAL-MIC-MON-ORN-PON-PTE-RAT-SOR-SUS-TAR    |3    |
|CAL-CAV-CHO-GAL-HOM-MAC-MIC-MUS-ORY-OTO-PAN-PRO-PTE-RAT-SOR-SPE        |3    |
|BOS-CAL-DAS-ECH-HOM-LOX-MAC-MIC-MON-MUS-ORY-PON-RAT-SPE-SUS-TUR-VIC    |63   |
|CAL-CAN-CHO-DIP-ERI-FEL-GAL-MUS-MYO-OCH-ORY-PAN-PTE-SPE-TAR-TUP        |50   |
|CAL-CAN-CAV-DAS-EQU-ERI-FEL-GAL-HOM-MIC-OCH-ORY-OTO-PAN-PON-RAT        |4    |
|BOS-CAN-CAV-DIP-EQU-ERI-MIC-MYO-ORY-OTO-PAN-PON-SPE-SUS-TAR-TUR        |1731 |
|BOS-CAV-DAS-DIP-ECH-FEL-GAL-GOR-MAC-NEW-ORY-SOR-SPE-SUS-TUP-TUR-VIC    |304  |
|CAL-DAS-ECH-EQU-GAL-GOR-HOM-MIC-MUS-MYO-OCH-ORY-PON-RAT-SUS-TUP        |47   |
|BOS-CAV-CHO-FEL-HOM-LOX-MIC-MUS-OCH-ORY-OTO-PRO-PTE-SPE-TAR-VIC        |5    |
|CAL-CAV-CHO-ERI-FEL-LOX-MIC-MYO-NEW-OCH-ORY-PON-RAT-SPE-SUS-TAR-VIC    |2    |
|BOS-CAL-CAV-DIP-EQU-MAC-MIC-MYO-ORN-ORY-OTO-PAN-PRO-SOR-SPE-TUP        |146  |
|CAL-ECH-EQU-FEL-GAL-GOR-HOM-LOX-MAC-MIC-MUS-MYO-OCH-ORN-ORY-SOR-SPE    |32   |
|CAL-DAS-DIP-ECH-GAL-HOM-MIC-MUS-MYO-NEW-OCH-ORY-PRO-RAT-TUP-VIC        |91   |
|CHO-DIP-ECH-EQU-ERI-GAL-HOM-LOX-MIC-MYO-NEW-OCH-ORN-RAT-TAR-TUP        |23   |
|BOS-DIP-ECH-EQU-ERI-HOM-MUS-MYO-OTO-PON-SPE-SUS-TAR-TUP-TUR-VIC        |11   |
|CAV-ECH-ERI-HOM-LOX-MIC-NEW-OCH-ORN-ORY-PAN-PON-PRO-PTE-SPE-TAR-TUP    |9    |
|CAL-CAV-CHO-DAS-ECH-GAL-GOR-LOX-MIC-MON-NEW-OCH-ORY-PON-SPE-TUP        |5    |
|BOS-CAN-CAV-DIP-ECH-ERI-GAL-LOX-MUS-MYO-PAN-PON-PTE-SOR-SPE-TUP-VIC    |55   |
|CAL-CAV-CHO-ECH-GAL-GOR-LOX-MAC-MYO-NEW-ORN-PAN-PON-RAT-TAR-VIC        |2162 |
|CAL-CAV-CHO-ECH-ERI-GAL-GOR-MAC-MIC-MUS-ORN-PON-PRO-RAT-SOR-TUP-VIC    |81   |
|CAL-DIP-ECH-GOR-HOM-MIC-MUS-NEW-OCH-OTO-PAN-PRO-SPE-TAR-TUP-VIC        |27   |
|CAL-CAN-CAV-CHO-DAS-EQU-ERI-GAL-GOR-LOX-MIC-OCH-ORY-PON-RAT-SUS-TAR-TUP|43   |
|BOS-CAL-DAS-ECH-HOM-LOX-MAC-MIC-MUS-MYO-ORY-PAN-PRO-SOR-TAR-TUP-TUR    |6    |
|CAV-ECH-GAL-HOM-LOX-MAC-NEW-ORN-ORY-PON-PRO-PTE-RAT-SUS-TAR-VIC        |2    |
|CAN-CAV-CHO-ECH-ERI-GOR-HOM-LOX-MUS-NEW-OCH-OTO-PAN-RAT-SPE-TAR-VIC    |3    |
|CAL-CAN-CHO-DAS-DIP-ECH-EQU-FEL-GOR-MAC-MON-MYO-NEW-ORY-PAN-SPE-TUP    |2    |
|CAN-CAV-DAS-FEL-GOR-HOM-LOX-MUS-MYO-NEW-ORY-OTO-PON-PRO-SOR-SUS-TAR-TUP|3    |
|CAN-CAV-CHO-DAS-ECH-EQU-FEL-HOM-MAC-MUS-MYO-NEW-OTO-PAN-PON-SPE-SUS-TUP|6    |
|CAN-CAV-DAS-DIP-ECH-FEL-GAL-MIC-MUS-MYO-NEW-OTO-PAN-PRO-PTE-SOR-SPE    |242  |
|BOS-CAL-CAN-CAV-CHO-DAS-ERI-MUS-OCH-OTO-PON-PRO-PTE-RAT-SOR-SPE-TUP    |111  |
|CAL-CAV-DAS-ECH-GAL-GOR-LOX-MAC-NEW-ORY-OTO-PON-PTE-SPE-TAR-TUP        |13   |
|BOS-CAL-CAV-DAS-DIP-ECH-LOX-MIC-MON-MUS-ORY-OTO-PON-PTE-SOR-TAR-TUP    |569  |
|BOS-CAL-CHO-DIP-EQU-ERI-MUS-NEW-OCH-ORY-OTO-PAN-PON-PTE-RAT-TAR-VIC    |115  |
|BOS-CAN-DAS-DIP-ECH-HOM-MAC-MIC-OCH-ORN-PRO-RAT-SPE-SUS-TAR-TUR-VIC    |55   |
|BOS-CAN-CAV-DAS-DIP-ECH-MIC-MON-MUS-MYO-NEW-OCH-ORN-PON-RAT-SPE-SUS    |60   |
|CAN-CHO-DAS-ECH-GAL-LOX-MON-NEW-OCH-ORN-ORY-PRO-PTE-RAT-SOR-TAR-TUP    |74   |
|CAN-ECH-EQU-ERI-GOR-HOM-MIC-MON-MUS-MYO-OCH-ORN-ORY-PON-SOR-TUP        |17   |
|CAV-EQU-ERI-HOM-LOX-MUS-MYO-OTO-PAN-PON-PRO-PTE-SPE-TAR-TUP-TUR        |16   |
|CAN-CHO-DAS-DIP-ECH-EQU-FEL-HOM-LOX-MAC-MIC-OCH-PON-PTE-RAT-SUS-TAR    |2220 |
|CAN-CAV-ECH-EQU-ERI-FEL-MAC-MIC-MYO-NEW-OCH-ORN-ORY-PON-PTE-TAR-VIC    |772  |
|CAV-CHO-DAS-HOM-MAC-MIC-MON-MUS-OCH-ORN-PAN-PON-RAT-SUS-TAR-TUP-TUR    |12   |
|CAL-CAV-DAS-DIP-ECH-ERI-GOR-HOM-LOX-MUS-OCH-OTO-PRO-PTE-SOR-VIC        |27   |
|CAL-CHO-LOX-MAC-MIC-MON-MUS-MYO-NEW-OCH-OTO-PAN-PON-RAT-SUS-TUP        |37   |
|BOS-ECH-ERI-LOX-MIC-MON-MUS-NEW-OCH-ORN-PON-PRO-SOR-SPE-SUS-TUR        |189  |
|CAN-CAV-DAS-DIP-ECH-GAL-GOR-HOM-MIC-MUS-MYO-NEW-OCH-ORY-PAN-RAT-TAR    |2853 |
|BOS-DAS-DIP-ECH-EQU-GAL-HOM-MIC-MUS-MYO-ORY-OTO-PON-SOR-SPE-TAR        |31   |
|CAL-CHO-DAS-DIP-EQU-FEL-HOM-MIC-MYO-NEW-PAN-PRO-RAT-TAR-TUP-VIC        |1    |
|CAN-CAV-DAS-ECH-EQU-ERI-GAL-GOR-MIC-NEW-OCH-ORY-PRO-PTE-SPE-TAR        |3    |
|CAN-CAV-CHO-DAS-DIP-EQU-GAL-GOR-MON-MUS-OCH-ORN-PON-PRO-RAT-TUR-VIC    |3221 |
|CAL-CAN-CAV-EQU-FEL-LOX-MIC-MYO-NEW-OCH-ORN-ORY-OTO-PON-SUS-TAR        |127  |
|CAL-CAV-CHO-DAS-ECH-ERI-GAL-HOM-MAC-MON-ORN-PON-PRO-PTE-SUS-TUP        |11   |
|CAL-CHO-DIP-FEL-GOR-LOX-MUS-NEW-ORY-PON-PRO-SOR-SPE-TUP-TUR-VIC        |5    |
|DAS-ECH-EQU-GAL-MIC-MON-MUS-NEW-OCH-OTO-PON-PTE-SOR-SUS-TAR-TUP        |68   |
|CAN-CAV-DAS-DIP-EQU-ERI-GAL-HOM-MIC-MUS-MYO-NEW-OCH-OTO-RAT-SOR-SPE    |343  |
|CAL-CAV-DIP-ECH-EQU-LOX-MIC-MON-OCH-ORN-ORY-PON-SOR-SPE-TAR-TUP-VIC    |3    |
|CAL-CAN-CAV-CHO-DAS-DIP-EQU-GOR-HOM-MIC-NEW-ORN-PRO-SUS-TAR-TUP        |242  |
|CAL-CAV-DIP-ECH-EQU-FEL-GAL-GOR-HOM-MAC-MYO-OCH-ORN-ORY-PRO-TAR-TUP    |58   |
|CAL-CAN-DAS-ECH-ERI-GAL-GOR-LOX-MUS-MYO-OCH-OTO-PAN-RAT-SOR-TUP-TUR    |47   |
|CHO-DAS-EQU-GAL-MIC-MON-NEW-ORY-PAN-PON-PTE-RAT-SOR-SPE-SUS-TAR-TUP    |13   |
|CAL-DAS-DIP-GAL-GOR-HOM-LOX-MIC-MON-NEW-ORY-OTO-PAN-PRO-RAT-TAR-TUP    |4868 |
|CAV-ECH-LOX-MIC-ORN-ORY-OTO-PAN-PON-PRO-PTE-RAT-SOR-SPE-SUS-TAR-TUP-TUR|12   |
|CAV-DAS-DIP-GAL-GOR-MAC-MIC-MON-MUS-NEW-ORN-OTO-PTE-SPE-TAR-TUP        |1878 |
|CAL-CAV-DIP-FEL-GAL-GOR-MIC-MYO-NEW-OCH-ORY-PTE-SOR-SPE-SUS-TAR        |329  |
|CHO-DAS-ECH-HOM-LOX-MIC-MYO-NEW-ORN-ORY-OTO-PON-PRO-SUS-TAR-TUP        |1336 |
|BOS-CAL-DAS-GOR-HOM-LOX-MUS-MYO-ORN-ORY-OTO-PAN-PRO-PTE-SUS-TUR-VIC    |444  |
|CAL-DAS-DIP-ECH-EQU-ERI-GOR-MON-MUS-OCH-ORN-ORY-PAN-PON-PRO-SOR-SPE-SUS|11   |
|CAV-CHO-DAS-EQU-ERI-GAL-MIC-MUS-OCH-ORN-ORY-OTO-PON-SOR-SPE-SUS-TAR-TUR|3432 |
|CAV-CHO-DIP-ECH-ERI-FEL-GOR-MAC-MIC-OCH-ORN-OTO-SOR-TUP-TUR-VIC        |46   |
|CAV-CHO-DIP-ECH-GOR-MIC-MON-OCH-ORN-PON-PRO-PTE-SPE-SUS-TAR-TUP-TUR    |129  |
|BOS-DAS-ECH-ERI-GAL-GOR-HOM-LOX-MIC-ORY-RAT-SOR-SPE-TAR-TUP-TUR-VIC    |25   |
|CAL-DAS-DIP-ECH-EQU-FEL-GAL-GOR-MAC-MON-MUS-OCH-ORN-PRO-RAT-SOR-TUP    |112  |
|CAL-CAN-CAV-CHO-DIP-EQU-GAL-GOR-LOX-MIC-ORY-PRO-RAT-SOR-TUP-VIC        |1919 |
|CAN-CAV-ECH-EQU-GAL-MIC-MON-OCH-ORN-PON-PTE-RAT-SPE-SUS-TAR-TUP-VIC    |3    |
|BOS-CAV-CHO-ECH-EQU-FEL-MIC-MON-OCH-ORN-ORY-OTO-RAT-SUS-TAR-TUP-VIC    |28   |
|CAL-CAN-CHO-DIP-ECH-EQU-ERI-GAL-LOX-MAC-MON-ORY-PAN-PON-PRO-PTE-SUS-TAR|46   |
|CAL-CAN-DAS-ECH-ERI-FEL-HOM-MUS-OTO-PAN-PRO-PTE-SOR-TUP-TUR-VIC        |3    |
|CAL-DAS-EQU-FEL-GAL-MAC-MIC-MUS-ORN-PON-PRO-SOR-SPE-SUS-TAR-TUP-TUR-VIC|4    |
|BOS-CHO-ECH-EQU-GOR-HOM-MIC-MUS-MYO-OCH-PAN-PTE-RAT-SOR-SPE-VIC        |3    |
|CAL-CAV-CHO-ECH-FEL-GAL-HOM-LOX-MIC-MUS-MYO-NEW-ORY-PAN-PRO-TUP-TUR    |27   |
|CAV-DAS-DIP-ECH-FEL-GOR-HOM-LOX-MON-MUS-MYO-NEW-OCH-ORY-PTE-TAR-TUP    |10   |
|CAV-CHO-DIP-ECH-ERI-FEL-GAL-HOM-LOX-MON-MYO-PRO-PTE-SOR-TAR-TUP        |32   |
|CAL-CHO-DAS-DIP-EQU-GAL-HOM-MAC-NEW-OCH-PON-PRO-RAT-SPE-TAR-TUR        |348  |
|CAL-CAN-CAV-CHO-ECH-GAL-MAC-MIC-ORN-ORY-OTO-PON-PTE-RAT-SPE-VIC        |43   |
|CAN-DIP-ECH-EQU-ERI-HOM-LOX-MUS-MYO-NEW-OTO-PAN-PON-SOR-SUS-TUP        |9    |
|CAN-CAV-CHO-DAS-DIP-ECH-EQU-ERI-HOM-LOX-MIC-MUS-PON-PRO-SPE-TUP        |70   |
|BOS-CAL-CAV-CHO-DAS-ECH-HOM-MAC-MIC-MYO-NEW-ORY-OTO-PAN-PON-RAT-TAR-TUP|36   |
|CAL-CAV-CHO-DAS-ERI-GOR-HOM-MIC-MUS-MYO-NEW-OCH-ORN-OTO-SPE-SUS-VIC    |519  |
|BOS-CAN-CAV-CHO-ECH-FEL-GAL-LOX-MIC-NEW-OCH-ORN-OTO-PON-RAT-SPE-TAR-TUR|2    |
|BOS-CAL-CAV-CHO-ECH-GAL-GOR-HOM-MON-NEW-OCH-PON-PRO-RAT-SOR-SPE-TAR    |11   |
|CAL-CAN-FEL-GAL-HOM-LOX-MIC-MUS-OCH-ORY-OTO-PRO-RAT-SOR-SPE-TUP-VIC    |3    |
|CAN-DAS-ECH-GOR-HOM-LOX-MAC-MIC-MUS-OCH-ORN-ORY-OTO-PAN-PRO-RAT-VIC    |98   |
|BOS-CAL-ECH-MAC-MIC-NEW-OCH-ORN-ORY-OTO-PRO-PTE-RAT-SPE-SUS-TAR-VIC    |40   |
|BOS-CAL-CAN-DAS-EQU-FEL-GOR-HOM-MIC-MON-MUS-OCH-OTO-PON-PTE-SUS-VIC    |3    |
|BOS-CAL-CAN-CAV-CHO-DAS-ERI-HOM-ORY-PAN-PRO-PTE-RAT-SPE-SUS-TUP-TUR    |1    |
|BOS-CAL-CAN-ECH-GOR-MIC-MYO-NEW-OCH-ORN-OTO-PON-PTE-SOR-TAR-TUP        |1    |
|BOS-CAN-DAS-ECH-FEL-GAL-MON-MUS-OCH-ORY-PAN-PON-PRO-SOR-TUP-VIC        |32   |
|BOS-CAL-CAN-CAV-CHO-DAS-EQU-HOM-LOX-MIC-MYO-NEW-OCH-PRO-RAT-VIC        |19   |
|CAV-DAS-DIP-ECH-ERI-GOR-MAC-MIC-MON-OCH-ORN-OTO-PRO-PTE-TUP-VIC        |3306 |
|ECH-ERI-FEL-GAL-HOM-MAC-MUS-MYO-OCH-PON-PRO-RAT-SPE-SUS-TUP-TUR-VIC    |160  |
|BOS-CAL-CAN-DAS-DIP-ERI-HOM-MIC-MYO-PAN-PRO-PTE-SOR-SUS-TAR-TUR        |171  |
|CAL-CAN-CHO-DAS-EQU-FEL-HOM-MAC-MIC-MON-MUS-OTO-PAN-PRO-SPE-VIC        |208  |
|BOS-CAL-CHO-DAS-DIP-ECH-FEL-GAL-LOX-MAC-MIC-OCH-PON-SOR-SUS-TAR-TUP    |519  |
|CAN-CAV-ECH-HOM-LOX-MYO-OCH-ORY-PAN-PON-PRO-PTE-SOR-SPE-TAR-TUP-VIC    |41   |
|BOS-DAS-ERI-MON-MUS-NEW-OCH-ORY-PAN-PON-PRO-PTE-SOR-TUP-TUR-VIC        |1    |
|BOS-CAL-CAV-DAS-ECH-ERI-FEL-LOX-MUS-MYO-OCH-OTO-PAN-PON-PTE-RAT-SOR-TUP|3    |
|CAL-CAV-CHO-DAS-EQU-FEL-GAL-MAC-MIC-MYO-OTO-PAN-RAT-SUS-TAR-TUR        |1    |
|CAL-CAN-CAV-CHO-DAS-DIP-GAL-MIC-MON-OCH-ORY-OTO-PAN-PTE-RAT-SOR-SPE-TUP|374  |
|CAL-CAN-CHO-DIP-ECH-ERI-GOR-HOM-MAC-MIC-MYO-NEW-OCH-RAT-TAR-TUP        |2    |
|BOS-CAL-CAV-CHO-DIP-FEL-HOM-MAC-MIC-MUS-OCH-ORY-OTO-PON-PRO-SOR-SPE    |3    |
|BOS-CAV-CHO-DIP-EQU-GAL-MIC-OCH-ORN-ORY-PAN-PON-RAT-SPE-TAR-TUP        |2    |
|CAV-CHO-ECH-ERI-GAL-GOR-MIC-MUS-NEW-OCH-ORY-OTO-SOR-SPE-TAR-TUP        |52   |
|CAN-ECH-ERI-FEL-GAL-MAC-MIC-MON-OCH-ORY-OTO-PON-SOR-SUS-TAR-TUP-TUR    |36   |
|CAL-CAV-CHO-DIP-ECH-ERI-LOX-MAC-MUS-MYO-OTO-PON-PTE-SOR-TAR-TUP-VIC    |1    |
|CAL-CAV-CHO-DIP-FEL-GAL-HOM-MUS-NEW-OCH-ORN-ORY-PRO-RAT-SPE-TAR-TUP    |797  |
|CAV-CHO-DAS-ERI-FEL-HOM-LOX-MAC-MUS-OCH-PAN-PON-PRO-PTE-TUP-TUR        |10   |
|CAL-CHO-DIP-ERI-MIC-MUS-MYO-OCH-ORY-OTO-PAN-PON-PRO-RAT-SPE-TUP        |81   |
|CAN-CAV-DIP-FEL-GOR-HOM-MUS-NEW-PON-PRO-PTE-RAT-SPE-SUS-TUP-TUR        |64   |
|CAN-CHO-DIP-ECH-GOR-LOX-MAC-MON-NEW-OCH-ORN-OTO-PRO-SOR-SUS-VIC        |2    |
|BOS-CAL-CAN-DAS-EQU-GAL-LOX-MON-MUS-MYO-OTO-PAN-PON-PRO-SPE-TUP-TUR    |272  |
|BOS-CAL-CAV-ECH-GAL-HOM-MIC-MON-MUS-ORY-OTO-PON-PRO-RAT-SOR-SPE-TUP    |31   |
|CAV-DIP-EQU-FEL-GAL-GOR-LOX-MAC-NEW-OCH-ORY-OTO-PRO-PTE-RAT-TUP        |10   |
|CAL-CAV-CHO-DIP-EQU-ERI-MIC-NEW-OCH-ORN-PON-RAT-SOR-SPE-SUS-TUP-TUR    |2    |
|CAV-CHO-DAS-ECH-ERI-FEL-GAL-MIC-MUS-MYO-OCH-ORN-ORY-PAN-PON-PRO-SUS-TUP|15   |
|DAS-DIP-ECH-EQU-HOM-MIC-MUS-NEW-ORN-ORY-PAN-PON-PRO-PTE-RAT-SPE        |173  |
|CAV-CHO-DAS-DIP-ECH-EQU-ERI-FEL-GOR-LOX-MIC-MYO-PON-PRO-PTE-TAR-VIC    |455  |
|CAL-CAV-CHO-DIP-GAL-GOR-LOX-MIC-MUS-MYO-OCH-ORY-PAN-PRO-RAT-TAR        |29   |
|CAN-DAS-ECH-GOR-MAC-MON-NEW-OCH-ORN-ORY-PAN-PON-SOR-SPE-TAR-TUP        |4    |
+-----------------------------------------------------------------------+-----+

Number of taxaPartition: 1539
Number of Data Partitions: 200
Partition Quartets Count: 45
23
{PTE=17, NEW=12, MYO=20, TAR=7, MIC=19, BOS=0, HOM=3, SPE=11, MUS=5, GOR=2, ECH=22, PRO=6, FEL=15, MON=1, TUP=13, SUS=16, CAN=10, VIC=18, OCH=9, DAS=4, ORY=14, SOR=21, PAN=8}
{0=BOS, 1=MON, 2=GOR, 3=HOM, 4=DAS, 5=MUS, 6=PRO, 7=TAR, 8=PAN, 9=OCH, 10=CAN, 11=SPE, 12=NEW, 13=TUP, 14=ORY, 15=FEL, 16=SUS, 17=PTE, 18=VIC, 19=MIC, 20=MYO, 21=SOR, 22=ECH}
Total Num-Taxa = 23
initial bipartition map: {0=-1, 1=-1, 2=1, 3=1, 4=-1, 5=-1, 6=1, 7=1, 8=1, 9=-1, 10=1, 11=-1, 12=1, 13=-1, 14=-1, 15=-1, 16=1, 17=-1, 18=1, 19=1, 20=1, 21=1, 22=-1}
Binning on all levels.

Now, P(0.5,0.9) = 0.0, P(0.9,1) = 0.125, P(>=1) = 0.875
>> DON'T BIN ON NEXT LEVELS. Level 1 has good distribution above threshold = 0.9 set BETA = 1.0
mode: FULL DYNAMIC [Left-Bin-Right-Level-0-Stop-to-1]. Threshold = 0.9 , Cut-off = 0.1 LEVEL: 1, ALPHA: 1.0, BETA: 1.0
initial bipartition map: {0=-1, 1=-1, 4=-1, 5=-1, 22=1, 7=1, 24=-1, 9=-1, 11=1, 13=-1, 14=-1, 15=1}
Binning on all levels.
mode: FULL DYNAMIC [Left-Bin-Right-Level-0-Stop-to-1]. Threshold = 0.9 , Cut-off = 0.1 LEVEL: 2, ALPHA: 1.0, BETA: 1.0
21/11/08 00:53:21 WARN BlockManager: Putting block rdd_54_1 failed due to exception java.lang.NullPointerException.
21/11/08 00:53:21 WARN BlockManager: Block rdd_54_1 could not be removed as it was not found on disk or in memory
21/11/08 00:53:21 ERROR Executor: Exception in task 1.0 in stage 16.0 (TID 623)
java.lang.NullPointerException
	at wqfm.algo.FMComputer.run_FM_singlepass_hypothetical_swap(FMComputer.java:81)
	at wqfm.algo.FMComputer.run_FM_single_iteration(FMComputer.java:209)
	at wqfm.algo.FMComputer.run_FM_Algorithm_Whole(FMComputer.java:311)
	at wqfm.algo.FMRunner.recursiveDivideAndConquer(FMRunner.java:88)
	at wqfm.algo.FMRunner.recursiveDivideAndConquer(FMRunner.java:96)
	at algorithm.wQFMRunner.runDevideNConquer(wQFMRunner.java:144)
	at mapper.QuartetToTreeTablePartitionMapper.call(QuartetToTreeTablePartitionMapper.java:30)
	at org.apache.spark.sql.Dataset.$anonfun$mapPartitions$1(Dataset.scala:2820)
	at org.apache.spark.sql.execution.MapPartitionsExec.$anonfun$doExecute$3(objects.scala:195)
	at org.apache.spark.rdd.RDD.$anonfun$mapPartitionsInternal$2(RDD.scala:898)
	at org.apache.spark.rdd.RDD.$anonfun$mapPartitionsInternal$2$adapted(RDD.scala:898)
	at org.apache.spark.rdd.MapPartitionsRDD.compute(MapPartitionsRDD.scala:52)
	at org.apache.spark.rdd.RDD.computeOrReadCheckpoint(RDD.scala:373)
	at org.apache.spark.rdd.RDD.iterator(RDD.scala:337)
	at org.apache.spark.rdd.MapPartitionsRDD.compute(MapPartitionsRDD.scala:52)
	at org.apache.spark.rdd.RDD.computeOrReadCheckpoint(RDD.scala:373)
	at org.apache.spark.rdd.RDD.iterator(RDD.scala:337)
	at org.apache.spark.rdd.MapPartitionsRDD.compute(MapPartitionsRDD.scala:52)
	at org.apache.spark.rdd.RDD.computeOrReadCheckpoint(RDD.scala:373)
	at org.apache.spark.rdd.RDD.iterator(RDD.scala:337)
	at org.apache.spark.rdd.MapPartitionsRDD.compute(MapPartitionsRDD.scala:52)
	at org.apache.spark.rdd.RDD.computeOrReadCheckpoint(RDD.scala:373)
	at org.apache.spark.rdd.RDD.$anonfun$getOrCompute$1(RDD.scala:386)
	at org.apache.spark.storage.BlockManager.$anonfun$doPutIterator$1(BlockManager.scala:1423)
	at org.apache.spark.storage.BlockManager.org$apache$spark$storage$BlockManager$$doPut(BlockManager.scala:1350)
	at org.apache.spark.storage.BlockManager.doPutIterator(BlockManager.scala:1414)
	at org.apache.spark.storage.BlockManager.getOrElseUpdate(BlockManager.scala:1237)
	at org.apache.spark.rdd.RDD.getOrCompute(RDD.scala:384)
	at org.apache.spark.rdd.RDD.iterator(RDD.scala:335)
	at org.apache.spark.rdd.MapPartitionsRDD.compute(MapPartitionsRDD.scala:52)
	at org.apache.spark.rdd.RDD.computeOrReadCheckpoint(RDD.scala:373)
	at org.apache.spark.rdd.RDD.iterator(RDD.scala:337)
	at org.apache.spark.rdd.MapPartitionsRDD.compute(MapPartitionsRDD.scala:52)
	at org.apache.spark.rdd.RDD.computeOrReadCheckpoint(RDD.scala:373)
	at org.apache.spark.rdd.RDD.iterator(RDD.scala:337)
	at org.apache.spark.rdd.MapPartitionsRDD.compute(MapPartitionsRDD.scala:52)
	at org.apache.spark.rdd.RDD.computeOrReadCheckpoint(RDD.scala:373)
	at org.apache.spark.rdd.RDD.iterator(RDD.scala:337)
	at org.apache.spark.rdd.MapPartitionsRDD.compute(MapPartitionsRDD.scala:52)
	at org.apache.spark.rdd.RDD.computeOrReadCheckpoint(RDD.scala:373)
	at org.apache.spark.rdd.RDD.iterator(RDD.scala:337)
	at org.apache.spark.rdd.MapPartitionsRDD.compute(MapPartitionsRDD.scala:52)
	at org.apache.spark.rdd.RDD.computeOrReadCheckpoint(RDD.scala:373)
	at org.apache.spark.rdd.RDD.iterator(RDD.scala:337)
	at org.apache.spark.shuffle.ShuffleWriteProcessor.write(ShuffleWriteProcessor.scala:59)
	at org.apache.spark.scheduler.ShuffleMapTask.runTask(ShuffleMapTask.scala:99)
	at org.apache.spark.scheduler.ShuffleMapTask.runTask(ShuffleMapTask.scala:52)
	at org.apache.spark.scheduler.Task.run(Task.scala:131)
	at org.apache.spark.executor.Executor$TaskRunner.$anonfun$run$3(Executor.scala:497)
	at org.apache.spark.util.Utils$.tryWithSafeFinally(Utils.scala:1439)
	at org.apache.spark.executor.Executor$TaskRunner.run(Executor.scala:500)
	at java.util.concurrent.ThreadPoolExecutor.runWorker(ThreadPoolExecutor.java:1149)
	at java.util.concurrent.ThreadPoolExecutor$Worker.run(ThreadPoolExecutor.java:624)
	at java.lang.Thread.run(Thread.java:748)
21/11/08 00:53:21 WARN TaskSetManager: Lost task 1.0 in stage 16.0 (TID 623) (192.168.0.104 executor driver): java.lang.NullPointerException
	at wqfm.algo.FMComputer.run_FM_singlepass_hypothetical_swap(FMComputer.java:81)
	at wqfm.algo.FMComputer.run_FM_single_iteration(FMComputer.java:209)
	at wqfm.algo.FMComputer.run_FM_Algorithm_Whole(FMComputer.java:311)
	at wqfm.algo.FMRunner.recursiveDivideAndConquer(FMRunner.java:88)
	at wqfm.algo.FMRunner.recursiveDivideAndConquer(FMRunner.java:96)
	at algorithm.wQFMRunner.runDevideNConquer(wQFMRunner.java:144)
	at mapper.QuartetToTreeTablePartitionMapper.call(QuartetToTreeTablePartitionMapper.java:30)
	at org.apache.spark.sql.Dataset.$anonfun$mapPartitions$1(Dataset.scala:2820)
	at org.apache.spark.sql.execution.MapPartitionsExec.$anonfun$doExecute$3(objects.scala:195)
	at org.apache.spark.rdd.RDD.$anonfun$mapPartitionsInternal$2(RDD.scala:898)
	at org.apache.spark.rdd.RDD.$anonfun$mapPartitionsInternal$2$adapted(RDD.scala:898)
	at org.apache.spark.rdd.MapPartitionsRDD.compute(MapPartitionsRDD.scala:52)
	at org.apache.spark.rdd.RDD.computeOrReadCheckpoint(RDD.scala:373)
	at org.apache.spark.rdd.RDD.iterator(RDD.scala:337)
	at org.apache.spark.rdd.MapPartitionsRDD.compute(MapPartitionsRDD.scala:52)
	at org.apache.spark.rdd.RDD.computeOrReadCheckpoint(RDD.scala:373)
	at org.apache.spark.rdd.RDD.iterator(RDD.scala:337)
	at org.apache.spark.rdd.MapPartitionsRDD.compute(MapPartitionsRDD.scala:52)
	at org.apache.spark.rdd.RDD.computeOrReadCheckpoint(RDD.scala:373)
	at org.apache.spark.rdd.RDD.iterator(RDD.scala:337)
	at org.apache.spark.rdd.MapPartitionsRDD.compute(MapPartitionsRDD.scala:52)
	at org.apache.spark.rdd.RDD.computeOrReadCheckpoint(RDD.scala:373)
	at org.apache.spark.rdd.RDD.$anonfun$getOrCompute$1(RDD.scala:386)
	at org.apache.spark.storage.BlockManager.$anonfun$doPutIterator$1(BlockManager.scala:1423)
	at org.apache.spark.storage.BlockManager.org$apache$spark$storage$BlockManager$$doPut(BlockManager.scala:1350)
	at org.apache.spark.storage.BlockManager.doPutIterator(BlockManager.scala:1414)
	at org.apache.spark.storage.BlockManager.getOrElseUpdate(BlockManager.scala:1237)
	at org.apache.spark.rdd.RDD.getOrCompute(RDD.scala:384)
	at org.apache.spark.rdd.RDD.iterator(RDD.scala:335)
	at org.apache.spark.rdd.MapPartitionsRDD.compute(MapPartitionsRDD.scala:52)
	at org.apache.spark.rdd.RDD.computeOrReadCheckpoint(RDD.scala:373)
	at org.apache.spark.rdd.RDD.iterator(RDD.scala:337)
	at org.apache.spark.rdd.MapPartitionsRDD.compute(MapPartitionsRDD.scala:52)
	at org.apache.spark.rdd.RDD.computeOrReadCheckpoint(RDD.scala:373)
	at org.apache.spark.rdd.RDD.iterator(RDD.scala:337)
	at org.apache.spark.rdd.MapPartitionsRDD.compute(MapPartitionsRDD.scala:52)
	at org.apache.spark.rdd.RDD.computeOrReadCheckpoint(RDD.scala:373)
	at org.apache.spark.rdd.RDD.iterator(RDD.scala:337)
	at org.apache.spark.rdd.MapPartitionsRDD.compute(MapPartitionsRDD.scala:52)
	at org.apache.spark.rdd.RDD.computeOrReadCheckpoint(RDD.scala:373)
	at org.apache.spark.rdd.RDD.iterator(RDD.scala:337)
	at org.apache.spark.rdd.MapPartitionsRDD.compute(MapPartitionsRDD.scala:52)
	at org.apache.spark.rdd.RDD.computeOrReadCheckpoint(RDD.scala:373)
	at org.apache.spark.rdd.RDD.iterator(RDD.scala:337)
	at org.apache.spark.shuffle.ShuffleWriteProcessor.write(ShuffleWriteProcessor.scala:59)
	at org.apache.spark.scheduler.ShuffleMapTask.runTask(ShuffleMapTask.scala:99)
	at org.apache.spark.scheduler.ShuffleMapTask.runTask(ShuffleMapTask.scala:52)
	at org.apache.spark.scheduler.Task.run(Task.scala:131)
	at org.apache.spark.executor.Executor$TaskRunner.$anonfun$run$3(Executor.scala:497)
	at org.apache.spark.util.Utils$.tryWithSafeFinally(Utils.scala:1439)
	at org.apache.spark.executor.Executor$TaskRunner.run(Executor.scala:500)
	at java.util.concurrent.ThreadPoolExecutor.runWorker(ThreadPoolExecutor.java:1149)
	at java.util.concurrent.ThreadPoolExecutor$Worker.run(ThreadPoolExecutor.java:624)
	at java.lang.Thread.run(Thread.java:748)

21/11/08 00:53:21 ERROR TaskSetManager: Task 1 in stage 16.0 failed 1 times; aborting job
21/11/08 00:53:21 WARN BlockManager: Putting block rdd_54_2 failed due to exception org.apache.spark.TaskKilledException.
21/11/08 00:53:21 WARN BlockManager: Block rdd_54_2 could not be removed as it was not found on disk or in memory
Exception in thread "main" org.apache.spark.SparkException: Job aborted due to stage failure: Task 1 in stage 16.0 failed 1 times, most recent failure: Lost task 1.0 in stage 16.0 (TID 623) (192.168.0.104 executor driver): java.lang.NullPointerException
	at wqfm.algo.FMComputer.run_FM_singlepass_hypothetical_swap(FMComputer.java:81)
	at wqfm.algo.FMComputer.run_FM_single_iteration(FMComputer.java:209)
	at wqfm.algo.FMComputer.run_FM_Algorithm_Whole(FMComputer.java:311)
	at wqfm.algo.FMRunner.recursiveDivideAndConquer(FMRunner.java:88)
	at wqfm.algo.FMRunner.recursiveDivideAndConquer(FMRunner.java:96)
	at algorithm.wQFMRunner.runDevideNConquer(wQFMRunner.java:144)
	at mapper.QuartetToTreeTablePartitionMapper.call(QuartetToTreeTablePartitionMapper.java:30)
	at org.apache.spark.sql.Dataset.$anonfun$mapPartitions$1(Dataset.scala:2820)
	at org.apache.spark.sql.execution.MapPartitionsExec.$anonfun$doExecute$3(objects.scala:195)
	at org.apache.spark.rdd.RDD.$anonfun$mapPartitionsInternal$2(RDD.scala:898)
	at org.apache.spark.rdd.RDD.$anonfun$mapPartitionsInternal$2$adapted(RDD.scala:898)
	at org.apache.spark.rdd.MapPartitionsRDD.compute(MapPartitionsRDD.scala:52)
	at org.apache.spark.rdd.RDD.computeOrReadCheckpoint(RDD.scala:373)
	at org.apache.spark.rdd.RDD.iterator(RDD.scala:337)
	at org.apache.spark.rdd.MapPartitionsRDD.compute(MapPartitionsRDD.scala:52)
	at org.apache.spark.rdd.RDD.computeOrReadCheckpoint(RDD.scala:373)
	at org.apache.spark.rdd.RDD.iterator(RDD.scala:337)
	at org.apache.spark.rdd.MapPartitionsRDD.compute(MapPartitionsRDD.scala:52)
	at org.apache.spark.rdd.RDD.computeOrReadCheckpoint(RDD.scala:373)
	at org.apache.spark.rdd.RDD.iterator(RDD.scala:337)
	at org.apache.spark.rdd.MapPartitionsRDD.compute(MapPartitionsRDD.scala:52)
	at org.apache.spark.rdd.RDD.computeOrReadCheckpoint(RDD.scala:373)
	at org.apache.spark.rdd.RDD.$anonfun$getOrCompute$1(RDD.scala:386)
	at org.apache.spark.storage.BlockManager.$anonfun$doPutIterator$1(BlockManager.scala:1423)
	at org.apache.spark.storage.BlockManager.org$apache$spark$storage$BlockManager$$doPut(BlockManager.scala:1350)
	at org.apache.spark.storage.BlockManager.doPutIterator(BlockManager.scala:1414)
	at org.apache.spark.storage.BlockManager.getOrElseUpdate(BlockManager.scala:1237)
	at org.apache.spark.rdd.RDD.getOrCompute(RDD.scala:384)
	at org.apache.spark.rdd.RDD.iterator(RDD.scala:335)
	at org.apache.spark.rdd.MapPartitionsRDD.compute(MapPartitionsRDD.scala:52)
	at org.apache.spark.rdd.RDD.computeOrReadCheckpoint(RDD.scala:373)
	at org.apache.spark.rdd.RDD.iterator(RDD.scala:337)
	at org.apache.spark.rdd.MapPartitionsRDD.compute(MapPartitionsRDD.scala:52)
	at org.apache.spark.rdd.RDD.computeOrReadCheckpoint(RDD.scala:373)
	at org.apache.spark.rdd.RDD.iterator(RDD.scala:337)
	at org.apache.spark.rdd.MapPartitionsRDD.compute(MapPartitionsRDD.scala:52)
	at org.apache.spark.rdd.RDD.computeOrReadCheckpoint(RDD.scala:373)
	at org.apache.spark.rdd.RDD.iterator(RDD.scala:337)
	at org.apache.spark.rdd.MapPartitionsRDD.compute(MapPartitionsRDD.scala:52)
	at org.apache.spark.rdd.RDD.computeOrReadCheckpoint(RDD.scala:373)
	at org.apache.spark.rdd.RDD.iterator(RDD.scala:337)
	at org.apache.spark.rdd.MapPartitionsRDD.compute(MapPartitionsRDD.scala:52)
	at org.apache.spark.rdd.RDD.computeOrReadCheckpoint(RDD.scala:373)
	at org.apache.spark.rdd.RDD.iterator(RDD.scala:337)
	at org.apache.spark.shuffle.ShuffleWriteProcessor.write(ShuffleWriteProcessor.scala:59)
	at org.apache.spark.scheduler.ShuffleMapTask.runTask(ShuffleMapTask.scala:99)
	at org.apache.spark.scheduler.ShuffleMapTask.runTask(ShuffleMapTask.scala:52)
	at org.apache.spark.scheduler.Task.run(Task.scala:131)
	at org.apache.spark.executor.Executor$TaskRunner.$anonfun$run$3(Executor.scala:497)
	at org.apache.spark.util.Utils$.tryWithSafeFinally(Utils.scala:1439)
	at org.apache.spark.executor.Executor$TaskRunner.run(Executor.scala:500)
	at java.util.concurrent.ThreadPoolExecutor.runWorker(ThreadPoolExecutor.java:1149)
	at java.util.concurrent.ThreadPoolExecutor$Worker.run(ThreadPoolExecutor.java:624)
	at java.lang.Thread.run(Thread.java:748)

Driver stacktrace:
	at org.apache.spark.scheduler.DAGScheduler.failJobAndIndependentStages(DAGScheduler.scala:2258)
	at org.apache.spark.scheduler.DAGScheduler.$anonfun$abortStage$2(DAGScheduler.scala:2207)
	at org.apache.spark.scheduler.DAGScheduler.$anonfun$abortStage$2$adapted(DAGScheduler.scala:2206)
	at scala.collection.mutable.ResizableArray.foreach(ResizableArray.scala:62)
	at scala.collection.mutable.ResizableArray.foreach$(ResizableArray.scala:55)
	at scala.collection.mutable.ArrayBuffer.foreach(ArrayBuffer.scala:49)
	at org.apache.spark.scheduler.DAGScheduler.abortStage(DAGScheduler.scala:2206)
	at org.apache.spark.scheduler.DAGScheduler.$anonfun$handleTaskSetFailed$1(DAGScheduler.scala:1079)
	at org.apache.spark.scheduler.DAGScheduler.$anonfun$handleTaskSetFailed$1$adapted(DAGScheduler.scala:1079)
	at scala.Option.foreach(Option.scala:407)
	at org.apache.spark.scheduler.DAGScheduler.handleTaskSetFailed(DAGScheduler.scala:1079)
	at org.apache.spark.scheduler.DAGSchedulerEventProcessLoop.doOnReceive(DAGScheduler.scala:2445)
	at org.apache.spark.scheduler.DAGSchedulerEventProcessLoop.onReceive(DAGScheduler.scala:2387)
	at org.apache.spark.scheduler.DAGSchedulerEventProcessLoop.onReceive(DAGScheduler.scala:2376)
	at org.apache.spark.util.EventLoop$$anon$1.run(EventLoop.scala:49)
	at org.apache.spark.scheduler.DAGScheduler.runJob(DAGScheduler.scala:868)
	at org.apache.spark.SparkContext.runJob(SparkContext.scala:2196)
	at org.apache.spark.SparkContext.runJob(SparkContext.scala:2217)
	at org.apache.spark.SparkContext.runJob(SparkContext.scala:2236)
	at org.apache.spark.SparkContext.runJob(SparkContext.scala:2261)
	at org.apache.spark.rdd.RDD.$anonfun$collect$1(RDD.scala:1030)
	at org.apache.spark.rdd.RDDOperationScope$.withScope(RDDOperationScope.scala:151)
	at org.apache.spark.rdd.RDDOperationScope$.withScope(RDDOperationScope.scala:112)
	at org.apache.spark.rdd.RDD.withScope(RDD.scala:414)
	at org.apache.spark.rdd.RDD.collect(RDD.scala:1029)
	at org.apache.spark.sql.execution.SparkPlan.executeCollect(SparkPlan.scala:390)
	at org.apache.spark.sql.Dataset.$anonfun$count$1(Dataset.scala:3006)
	at org.apache.spark.sql.Dataset.$anonfun$count$1$adapted(Dataset.scala:3005)
	at org.apache.spark.sql.Dataset.$anonfun$withAction$1(Dataset.scala:3687)
	at org.apache.spark.sql.execution.SQLExecution$.$anonfun$withNewExecutionId$5(SQLExecution.scala:103)
	at org.apache.spark.sql.execution.SQLExecution$.withSQLConfPropagated(SQLExecution.scala:163)
	at org.apache.spark.sql.execution.SQLExecution$.$anonfun$withNewExecutionId$1(SQLExecution.scala:90)
	at org.apache.spark.sql.SparkSession.withActive(SparkSession.scala:775)
	at org.apache.spark.sql.execution.SQLExecution$.withNewExecutionId(SQLExecution.scala:64)
	at org.apache.spark.sql.Dataset.withAction(Dataset.scala:3685)
	at org.apache.spark.sql.Dataset.count(Dataset.scala:3005)
	at algorithm.Distributer.partitionDataAndRun(Distributer.java:101)
	at algorithm.Distributer.runFunctions(Distributer.java:30)
	at main.App.runwQFMSpark(App.java:24)
	at main.App.initializeAndRun(App.java:43)
	at main.App.main(App.java:57)
Caused by: java.lang.NullPointerException
	at wqfm.algo.FMComputer.run_FM_singlepass_hypothetical_swap(FMComputer.java:81)
	at wqfm.algo.FMComputer.run_FM_single_iteration(FMComputer.java:209)
	at wqfm.algo.FMComputer.run_FM_Algorithm_Whole(FMComputer.java:311)
	at wqfm.algo.FMRunner.recursiveDivideAndConquer(FMRunner.java:88)
	at wqfm.algo.FMRunner.recursiveDivideAndConquer(FMRunner.java:96)
	at algorithm.wQFMRunner.runDevideNConquer(wQFMRunner.java:144)
	at mapper.QuartetToTreeTablePartitionMapper.call(QuartetToTreeTablePartitionMapper.java:30)
	at org.apache.spark.sql.Dataset.$anonfun$mapPartitions$1(Dataset.scala:2820)
	at org.apache.spark.sql.execution.MapPartitionsExec.$anonfun$doExecute$3(objects.scala:195)
	at org.apache.spark.rdd.RDD.$anonfun$mapPartitionsInternal$2(RDD.scala:898)
	at org.apache.spark.rdd.RDD.$anonfun$mapPartitionsInternal$2$adapted(RDD.scala:898)
	at org.apache.spark.rdd.MapPartitionsRDD.compute(MapPartitionsRDD.scala:52)
	at org.apache.spark.rdd.RDD.computeOrReadCheckpoint(RDD.scala:373)
	at org.apache.spark.rdd.RDD.iterator(RDD.scala:337)
	at org.apache.spark.rdd.MapPartitionsRDD.compute(MapPartitionsRDD.scala:52)
	at org.apache.spark.rdd.RDD.computeOrReadCheckpoint(RDD.scala:373)
	at org.apache.spark.rdd.RDD.iterator(RDD.scala:337)
	at org.apache.spark.rdd.MapPartitionsRDD.compute(MapPartitionsRDD.scala:52)
	at org.apache.spark.rdd.RDD.computeOrReadCheckpoint(RDD.scala:373)
	at org.apache.spark.rdd.RDD.iterator(RDD.scala:337)
	at org.apache.spark.rdd.MapPartitionsRDD.compute(MapPartitionsRDD.scala:52)
	at org.apache.spark.rdd.RDD.computeOrReadCheckpoint(RDD.scala:373)
	at org.apache.spark.rdd.RDD.$anonfun$getOrCompute$1(RDD.scala:386)
	at org.apache.spark.storage.BlockManager.$anonfun$doPutIterator$1(BlockManager.scala:1423)
	at org.apache.spark.storage.BlockManager.org$apache$spark$storage$BlockManager$$doPut(BlockManager.scala:1350)
	at org.apache.spark.storage.BlockManager.doPutIterator(BlockManager.scala:1414)
	at org.apache.spark.storage.BlockManager.getOrElseUpdate(BlockManager.scala:1237)
	at org.apache.spark.rdd.RDD.getOrCompute(RDD.scala:384)
	at org.apache.spark.rdd.RDD.iterator(RDD.scala:335)
	at org.apache.spark.rdd.MapPartitionsRDD.compute(MapPartitionsRDD.scala:52)
	at org.apache.spark.rdd.RDD.computeOrReadCheckpoint(RDD.scala:373)
	at org.apache.spark.rdd.RDD.iterator(RDD.scala:337)
	at org.apache.spark.rdd.MapPartitionsRDD.compute(MapPartitionsRDD.scala:52)
	at org.apache.spark.rdd.RDD.computeOrReadCheckpoint(RDD.scala:373)
	at org.apache.spark.rdd.RDD.iterator(RDD.scala:337)
	at org.apache.spark.rdd.MapPartitionsRDD.compute(MapPartitionsRDD.scala:52)
	at org.apache.spark.rdd.RDD.computeOrReadCheckpoint(RDD.scala:373)
	at org.apache.spark.rdd.RDD.iterator(RDD.scala:337)
	at org.apache.spark.rdd.MapPartitionsRDD.compute(MapPartitionsRDD.scala:52)
	at org.apache.spark.rdd.RDD.computeOrReadCheckpoint(RDD.scala:373)
	at org.apache.spark.rdd.RDD.iterator(RDD.scala:337)
	at org.apache.spark.rdd.MapPartitionsRDD.compute(MapPartitionsRDD.scala:52)
	at org.apache.spark.rdd.RDD.computeOrReadCheckpoint(RDD.scala:373)
	at org.apache.spark.rdd.RDD.iterator(RDD.scala:337)
	at org.apache.spark.shuffle.ShuffleWriteProcessor.write(ShuffleWriteProcessor.scala:59)
	at org.apache.spark.scheduler.ShuffleMapTask.runTask(ShuffleMapTask.scala:99)
	at org.apache.spark.scheduler.ShuffleMapTask.runTask(ShuffleMapTask.scala:52)
	at org.apache.spark.scheduler.Task.run(Task.scala:131)
	at org.apache.spark.executor.Executor$TaskRunner.$anonfun$run$3(Executor.scala:497)
	at org.apache.spark.util.Utils$.tryWithSafeFinally(Utils.scala:1439)
	at org.apache.spark.executor.Executor$TaskRunner.run(Executor.scala:500)
	at java.util.concurrent.ThreadPoolExecutor.runWorker(ThreadPoolExecutor.java:1149)
	at java.util.concurrent.ThreadPoolExecutor$Worker.run(ThreadPoolExecutor.java:624)
	at java.lang.Thread.run(Thread.java:748)
21/11/08 00:53:21 WARN TaskSetManager: Lost task 2.0 in stage 16.0 (TID 624) (192.168.0.104 executor driver): TaskKilled (Stage cancelled)

Process finished with exit code 1

